
Inserir pessoa - 1
Remover pessoa - 2
Listar pessoas - 3
Pesquisar pessoa - 4
Sair - 5
Opcao: 
Inserir pessoa - 1
Remover pessoa - 2
Listar pessoas - 3
Pesquisar pessoa - 4
Sair - 5
Opcao: 
Inserir pessoa - 1
Remover pessoa - 2
Listar pessoas - 3
Pesquisar pessoa - 4
Sair - 5
Opcao: 
Inserir pessoa - 1
Remover pessoa - 2
Listar pessoas - 3
Pesquisar pessoa - 4
Sair - 5
Opcao: 
Mostrar Hashtable:
Nome: Maria Eduarda Crespo Rosa
Nascimento: 12/3/2006
Nome: Felipe Birchal Borges
Nascimento: 16/5/2006
Nome: Cleusa de Oliveira Birchal
Nascimento: 21/6/1971


Inserir pessoa - 1
Remover pessoa - 2
Listar pessoas - 3
Pesquisar pessoa - 4
Sair - 5
Opcao: 